<?xml version="1.0" encoding="UTF-8"?>
<!-- Generated by org.testng.reporters.JUnitXMLReporter -->
<testsuite hostname="pixint-HP-Laptop-15q-bu0xx" ignored="0" name="Default test" tests="5" failures="0" timestamp="2020-04-01T23:46:54 IST" time="59.32" errors="0">
  <testcase name="@BeforeMethod setup" time="30.004" classname="testcasespages.HomepageTest">
    <failure type="org.testng.internal.thread.ThreadTimeoutException" message="Method testcasespages.HomepageTest.setup() didn&amp;apos;t finish within the time-out 30000">
      <![CDATA[org.testng.internal.thread.ThreadTimeoutException: Method testcasespages.HomepageTest.setup() didn't finish within the time-out 30000
at java.net.SocketInputStream.socketRead0(Native Method)
at java.net.SocketInputStream.socketRead(SocketInputStream.java:116)
at java.net.SocketInputStream.read(SocketInputStream.java:171)
at java.net.SocketInputStream.read(SocketInputStream.java:141)
at okio.Okio$2.read(Okio.java:140)
at okio.AsyncTimeout$2.read(AsyncTimeout.java:237)
at okio.RealBufferedSource.indexOf(RealBufferedSource.java:355)
at okio.RealBufferedSource.readUtf8LineStrict(RealBufferedSource.java:227)
at okhttp3.internal.http1.Http1Codec.readHeaderLine(Http1Codec.java:215)
at okhttp3.internal.http1.Http1Codec.readResponseHeaders(Http1Codec.java:189)
at okhttp3.internal.http.CallServerInterceptor.intercept(CallServerInterceptor.java:88)
at okhttp3.internal.http.RealInterceptorChain.proceed(RealInterceptorChain.java:147)
at okhttp3.internal.http.RealInterceptorChain.proceed(RealInterceptorChain.java:121)
at org.openqa.selenium.remote.internal.OkHttpClient$Factory$1.lambda$createClient$1(OkHttpClient.java:152)
at org.openqa.selenium.remote.internal.OkHttpClient$Factory$1$$Lambda$57/457802276.intercept(Unknown Source)
at okhttp3.internal.http.RealInterceptorChain.proceed(RealInterceptorChain.java:147)
at okhttp3.internal.connection.ConnectInterceptor.intercept(ConnectInterceptor.java:45)
at okhttp3.internal.http.RealInterceptorChain.proceed(RealInterceptorChain.java:147)
at okhttp3.internal.http.RealInterceptorChain.proceed(RealInterceptorChain.java:121)
at okhttp3.internal.cache.CacheInterceptor.intercept(CacheInterceptor.java:93)
at okhttp3.internal.http.RealInterceptorChain.proceed(RealInterceptorChain.java:147)
at okhttp3.internal.http.RealInterceptorChain.proceed(RealInterceptorChain.java:121)
at okhttp3.internal.http.BridgeInterceptor.intercept(BridgeInterceptor.java:93)
at okhttp3.internal.http.RealInterceptorChain.proceed(RealInterceptorChain.java:147)
at okhttp3.internal.http.RetryAndFollowUpInterceptor.intercept(RetryAndFollowUpInterceptor.java:126)
at okhttp3.internal.http.RealInterceptorChain.proceed(RealInterceptorChain.java:147)
at okhttp3.internal.http.RealInterceptorChain.proceed(RealInterceptorChain.java:121)
at okhttp3.RealCall.getResponseWithInterceptorChain(RealCall.java:200)
at okhttp3.RealCall.execute(RealCall.java:77)
at org.openqa.selenium.remote.internal.OkHttpClient.execute(OkHttpClient.java:103)
at org.openqa.selenium.remote.HttpCommandExecutor.execute(HttpCommandExecutor.java:155)
at org.openqa.selenium.remote.service.DriverCommandExecutor.execute(DriverCommandExecutor.java:83)
at org.openqa.selenium.remote.RemoteWebDriver.execute(RemoteWebDriver.java:552)
at org.openqa.selenium.remote.RemoteWebElement.execute(RemoteWebElement.java:285)
at org.openqa.selenium.remote.RemoteWebElement.click(RemoteWebElement.java:84)
at sun.reflect.NativeMethodAccessorImpl.invoke0(Native Method)
at sun.reflect.NativeMethodAccessorImpl.invoke(NativeMethodAccessorImpl.java:62)
at sun.reflect.DelegatingMethodAccessorImpl.invoke(DelegatingMethodAccessorImpl.java:43)
at java.lang.reflect.Method.invoke(Method.java:498)
at org.openqa.selenium.support.events.EventFiringWebDriver$EventFiringWebElement.lambda$new$0(EventFiringWebDriver.java:404)
at org.openqa.selenium.support.events.EventFiringWebDriver$EventFiringWebElement$$Lambda$263/373097048.invoke(Unknown Source)
at com.sun.proxy.$Proxy13.click(Unknown Source)
at org.openqa.selenium.support.events.EventFiringWebDriver$EventFiringWebElement.click(EventFiringWebDriver.java:417)
at sun.reflect.NativeMethodAccessorImpl.invoke0(Native Method)
at sun.reflect.NativeMethodAccessorImpl.invoke(NativeMethodAccessorImpl.java:62)
at sun.reflect.DelegatingMethodAccessorImpl.invoke(DelegatingMethodAccessorImpl.java:43)
at java.lang.reflect.Method.invoke(Method.java:498)
at org.openqa.selenium.support.pagefactory.internal.LocatingElementHandler.invoke(LocatingElementHandler.java:51)
at com.sun.proxy.$Proxy12.click(Unknown Source)
at pagespack.Loginpage.login(Loginpage.java:59)
at testcasespages.HomepageTest.setup(HomepageTest.java:32)
at sun.reflect.NativeMethodAccessorImpl.invoke0(Native Method)
at sun.reflect.NativeMethodAccessorImpl.invoke(NativeMethodAccessorImpl.java:62)
at sun.reflect.DelegatingMethodAccessorImpl.invoke(DelegatingMethodAccessorImpl.java:43)
at java.lang.reflect.Method.invoke(Method.java:498)
at org.testng.internal.MethodInvocationHelper.invokeMethod(MethodInvocationHelper.java:133)
at org.testng.internal.InvokeMethodRunnable.runOne(InvokeMethodRunnable.java:51)
at org.testng.internal.InvokeMethodRunnable.run(InvokeMethodRunnable.java:41)
at java.util.concurrent.Executors$RunnableAdapter.call(Executors.java:511)
at java.util.concurrent.FutureTask.run(FutureTask.java:266)
at java.util.concurrent.ThreadPoolExecutor.runWorker(ThreadPoolExecutor.java:1149)
at java.util.concurrent.ThreadPoolExecutor$Worker.run(ThreadPoolExecutor.java:624)
at java.lang.Thread.run(Thread.java:748)
]]>
    </failure>
  </testcase> <!-- @BeforeMethod setup -->
  <testcase name="@AfterMethod down" time="-1.585765014199E9" classname="testcasespages.HomepageTest">
    <skipped/>
  </testcase> <!-- @AfterMethod down -->
  <testcase name="@BeforeMethod setup" time="-1.585765014202E9" classname="testcasespages.HomepageTest">
    <skipped/>
  </testcase> <!-- @BeforeMethod setup -->
  <testcase name="@AfterMethod down" time="-1.585765014212E9" classname="testcasespages.HomepageTest">
    <skipped/>
  </testcase> <!-- @AfterMethod down -->
  <testcase name="@BeforeMethod setup" time="-1.585765014217E9" classname="testcasespages.HomepageTest">
    <skipped/>
  </testcase> <!-- @BeforeMethod setup -->
  <testcase name="@AfterMethod down" time="-1.585765014223E9" classname="testcasespages.HomepageTest">
    <skipped/>
  </testcase> <!-- @AfterMethod down -->
  <testcase name="@BeforeMethod setup" time="-1.585765014225E9" classname="testcasespages.HomepageTest">
    <skipped/>
  </testcase> <!-- @BeforeMethod setup -->
  <testcase name="@AfterMethod down" time="-1.585765014233E9" classname="testcasespages.HomepageTest">
    <skipped/>
  </testcase> <!-- @AfterMethod down -->
  <testcase name="searchpageTest" time="0.256" classname="testcasespages.HomepageTest"/>
  <testcase name="searchpageTest" time="0.0" classname="testcasespages.HomepageTest">
    <skipped/>
  </testcase> <!-- searchpageTest -->
  <testcase name="searchpageTest" time="0.0" classname="testcasespages.HomepageTest">
    <skipped/>
  </testcase> <!-- searchpageTest -->
  <testcase name="usernameTest" time="0.0" classname="testcasespages.HomepageTest">
    <skipped/>
  </testcase> <!-- usernameTest -->
  <testcase name="homePagetitlevali" time="0.0" classname="testcasespages.HomepageTest">
    <skipped/>
  </testcase> <!-- homePagetitlevali -->
</testsuite> <!-- Default test -->
