<?xml version="1.0" encoding="UTF-8"?>
<!-- Generated by org.testng.reporters.JUnitXMLReporter -->
<testsuite hostname="pixint-HP-Laptop-15q-bu0xx" ignored="0" name="Ultimatix" tests="9" failures="0" timestamp="2020-04-03T17:07:35 IST" time="317.34" errors="0">
  <testcase name="loginpg" time="32.28" classname="testcasespages.LoginTest"/>
  <testcase name="loginpgtitletest" time="0.034" classname="testcasespages.LoginTest"/>
  <testcase name="searchpageTest" time="0.342" classname="testcasespages.HomepageTest"/>
  <testcase name="searchpageTest" time="0.274" classname="testcasespages.HomepageTest"/>
  <testcase name="searchpageTest" time="0.45" classname="testcasespages.HomepageTest"/>
  <testcase name="usernameTest" time="0.11" classname="testcasespages.HomepageTest"/>
  <testcase name="homePagetitlevali" time="0.033" classname="testcasespages.HomepageTest"/>
  <testcase name="verifyEmConcer" time="0.587" classname="testcasespages.WorklistPageTest"/>
  <testcase name="verifyGHDD" time="0.61" classname="testcasespages.WorklistPageTest"/>
</testsuite> <!-- Ultimatix -->
